<?xml version="1.0" encoding="UTF-8"?>
<!-- Generated by org.testng.reporters.JUnitReportReporter -->
<testsuite hostname="PHLDGQ0RV3" failures="0" tests="1" name="OrangeHRM.TC0004" time="48.947" errors="0" timestamp="18 Oct 2024 03:46:23 GMT" skipped="0">
  <testcase classname="OrangeHRM.TC0004" name="VerifyDifferentLoginOptions" time="48.947"/>
</testsuite> <!-- OrangeHRM.TC0004 -->
