<?xml version="1.0" encoding="UTF-8"?>
<!-- Generated by org.testng.reporters.JUnitReportReporter -->
<testsuite hostname="PHLDGQ0RV3" failures="0" tests="1" name="OrangeHRM.TC0003" time="54.078" errors="0" timestamp="22 Oct 2024 01:05:22 GMT" skipped="0">
  <testcase classname="OrangeHRM.TC0003" name="VerifysuccessfulAddofEE" time="54.078"/>
</testsuite> <!-- OrangeHRM.TC0003 -->
