<?xml version="1.0" encoding="UTF-8"?>
<!-- Generated by org.testng.reporters.JUnitReportReporter -->
<testsuite hostname="PHLDGQ0RV3" failures="0" tests="1" name="OrangeHRM.TC0002" time="53.590" errors="0" timestamp="21 Oct 2024 05:56:47 GMT" skipped="0">
  <testcase classname="OrangeHRM.TC0002" name="VerifysuccessfulAddofClaim" time="53.590"/>
</testsuite> <!-- OrangeHRM.TC0002 -->
