<?xml version="1.0" encoding="UTF-8"?>
<!-- Generated by org.testng.reporters.JUnitReportReporter -->
<testsuite hostname="PHLDGQ0RV3" failures="0" tests="1" name="OrangeHRM.TC0010" time="58.412" errors="0" timestamp="2024-11-08T14:46:06 CST" skipped="0">
  <testcase classname="OrangeHRM.TC0010" name="VerifyUnsuccesfulDownloadofEE" time="58.412"/>
</testsuite> <!-- OrangeHRM.TC0010 -->
