<?xml version="1.0" encoding="UTF-8"?>
<!-- Generated by org.testng.reporters.JUnitReportReporter -->
<testsuite hostname="PHLDGQ0RV3" failures="0" tests="1" name="OrangeHRM.TC0009" time="38.747" errors="0" timestamp="07 Nov 2024 05:36:08 GMT" skipped="0">
  <testcase classname="OrangeHRM.TC0009" name="VerifyLeftMenuOptions" time="38.747"/>
</testsuite> <!-- OrangeHRM.TC0009 -->
