<?xml version="1.0" encoding="UTF-8"?>
<!-- Generated by org.testng.reporters.JUnitReportReporter -->
<testsuite hostname="PHLDGQ0RV3" failures="0" tests="1" name="OrangeHRM.TC0007" time="48.154" errors="0" timestamp="04 Nov 2024 06:56:18 GMT" skipped="0">
  <testcase classname="OrangeHRM.TC0007" name="SearchEEinDirectory" time="48.154"/>
</testsuite> <!-- OrangeHRM.TC0007 -->
