<?xml version="1.0" encoding="UTF-8"?>
<!-- Generated by org.testng.reporters.JUnitReportReporter -->
<testsuite skipped="0" hostname="PHESL50591" name="tricentis.TC0001" tests="2" failures="0" timestamp="29 Jul 2021 09:20:09 GMT" time="23.308" errors="0">
  <testcase name="TestCase003" time="14.647" classname="tricentis.TC0001"/>
  <testcase name="TestCase001" time="8.661" classname="tricentis.TC0001"/>
</testsuite> <!-- tricentis.TC0001 -->
