<?xml version="1.0" encoding="UTF-8"?>
<!-- Generated by org.testng.reporters.JUnitReportReporter -->
<testsuite hostname="PHLDGQ0RV3" failures="0" tests="1" name="OrangeHRM.TC0001" time="38.028" errors="0" timestamp="2024-11-08T14:46:06 CST" skipped="0">
  <testcase classname="OrangeHRM.TC0001" name="VerifyDefaultSetupOnInitialLoad" time="38.028"/>
</testsuite> <!-- OrangeHRM.TC0001 -->
