<?xml version="1.0" encoding="UTF-8"?>
<!-- Generated by org.testng.reporters.JUnitReportReporter -->
<testsuite hostname="PHLDGQ0RV3" failures="0" tests="1" name="OrangeHRM.TC0006" time="48.008" errors="0" timestamp="29 Oct 2024 06:20:05 GMT" skipped="0">
  <testcase classname="OrangeHRM.TC0006" name="VerifyDifferentLoginOptions" time="48.008"/>
</testsuite> <!-- OrangeHRM.TC0006 -->
