<?xml version="1.0" encoding="UTF-8"?>
<!-- Generated by org.testng.reporters.JUnitReportReporter -->
<testsuite hostname="PHLDGQ0RV3" failures="0" tests="1" name="OrangeHRM.TC0005" time="61.003" errors="0" timestamp="06 Nov 2024 05:41:58 GMT" skipped="0">
  <testcase classname="OrangeHRM.TC0005" name="VerifyAddedAdminRoleOnEE" time="61.003"/>
</testsuite> <!-- OrangeHRM.TC0005 -->
